  0 archivo(s) copiado(s)
  PanelEstadisticas.cpp
C:\Users\Meibel\Desktop\1Semestre 2025\Estructuras_de_Datos_II\Proyecto_2\Genetic_Kingdom\Torre.h(28,49): warning C4244: 'argumento': conversión de 'int' a 'float'; posible pérdida de datos
  (compilando archivo de origen "PanelEstadisticas.cpp")
  
C:\Users\Meibel\Desktop\1Semestre 2025\Estructuras_de_Datos_II\Proyecto_2\Genetic_Kingdom\Torre.h(28,32): warning C4244: 'argumento': conversión de 'int' a 'float'; posible pérdida de datos
  (compilando archivo de origen "PanelEstadisticas.cpp")
  
  PanelMejora.cpp
C:\Users\Meibel\Desktop\1Semestre 2025\Estructuras_de_Datos_II\Proyecto_2\Genetic_Kingdom\Torre.h(28,49): warning C4244: 'argumento': conversión de 'int' a 'float'; posible pérdida de datos
  (compilando archivo de origen "PanelMejora.cpp")
  
C:\Users\Meibel\Desktop\1Semestre 2025\Estructuras_de_Datos_II\Proyecto_2\Genetic_Kingdom\Torre.h(28,32): warning C4244: 'argumento': conversión de 'int' a 'float'; posible pérdida de datos
  (compilando archivo de origen "PanelMejora.cpp")
  
  Torre.cpp
C:\Users\Meibel\Desktop\1Semestre 2025\Estructuras_de_Datos_II\Proyecto_2\Genetic_Kingdom\Torre.h(28,49): warning C4244: 'argumento': conversión de 'int' a 'float'; posible pérdida de datos
  (compilando archivo de origen "Torre.cpp")
  
C:\Users\Meibel\Desktop\1Semestre 2025\Estructuras_de_Datos_II\Proyecto_2\Genetic_Kingdom\Torre.h(28,32): warning C4244: 'argumento': conversión de 'int' a 'float'; posible pérdida de datos
  (compilando archivo de origen "Torre.cpp")
  
  TorreConSprite.cpp
C:\Users\Meibel\Desktop\1Semestre 2025\Estructuras_de_Datos_II\Proyecto_2\Genetic_Kingdom\Torre.h(28,49): warning C4244: 'argumento': conversión de 'int' a 'float'; posible pérdida de datos
  (compilando archivo de origen "TorreConSprite.cpp")
  
C:\Users\Meibel\Desktop\1Semestre 2025\Estructuras_de_Datos_II\Proyecto_2\Genetic_Kingdom\Torre.h(28,32): warning C4244: 'argumento': conversión de 'int' a 'float'; posible pérdida de datos
  (compilando archivo de origen "TorreConSprite.cpp")
  
  main.cpp
C:\Users\Meibel\Desktop\1Semestre 2025\Estructuras_de_Datos_II\Proyecto_2\Genetic_Kingdom\Torre.h(28,49): warning C4244: 'argumento': conversión de 'int' a 'float'; posible pérdida de datos
  (compilando archivo de origen "main.cpp")
  
C:\Users\Meibel\Desktop\1Semestre 2025\Estructuras_de_Datos_II\Proyecto_2\Genetic_Kingdom\Torre.h(28,32): warning C4244: 'argumento': conversión de 'int' a 'float'; posible pérdida de datos
  (compilando archivo de origen "main.cpp")
  
C:\Program Files\Microsoft Visual Studio\2022\Community\VC\Tools\MSVC\14.43.34808\include\filesystem(12): warning STL4038: The contents of <filesystem> are available only with C++17 or later.
C:\Users\Meibel\Desktop\1Semestre 2025\Estructuras_de_Datos_II\Proyecto_2\Genetic_Kingdom\main.cpp(36,22): warning C4566: el carácter representado por el nombre de carácter universal '\u274C' no se puede representar en la página de códigos actual (1252)
C:\Users\Meibel\Desktop\1Semestre 2025\Estructuras_de_Datos_II\Proyecto_2\Genetic_Kingdom\main.cpp(39,22): warning C4566: el carácter representado por el nombre de carácter universal '\u2705' no se puede representar en la página de códigos actual (1252)
C:\Users\Meibel\Desktop\1Semestre 2025\Estructuras_de_Datos_II\Proyecto_2\Genetic_Kingdom\main.cpp(58,74): warning C4244: 'argumento': conversión de 'int' a 'T'; posible pérdida de datos
C:\Users\Meibel\Desktop\1Semestre 2025\Estructuras_de_Datos_II\Proyecto_2\Genetic_Kingdom\main.cpp(58,74): warning C4244:         with
C:\Users\Meibel\Desktop\1Semestre 2025\Estructuras_de_Datos_II\Proyecto_2\Genetic_Kingdom\main.cpp(58,74): warning C4244:         [
C:\Users\Meibel\Desktop\1Semestre 2025\Estructuras_de_Datos_II\Proyecto_2\Genetic_Kingdom\main.cpp(58,74): warning C4244:             T=float
C:\Users\Meibel\Desktop\1Semestre 2025\Estructuras_de_Datos_II\Proyecto_2\Genetic_Kingdom\main.cpp(58,74): warning C4244:         ]
C:\Users\Meibel\Desktop\1Semestre 2025\Estructuras_de_Datos_II\Proyecto_2\Genetic_Kingdom\main.cpp(58,53): warning C4244: 'argumento': conversión de 'int' a 'T'; posible pérdida de datos
C:\Users\Meibel\Desktop\1Semestre 2025\Estructuras_de_Datos_II\Proyecto_2\Genetic_Kingdom\main.cpp(58,53): warning C4244:         with
C:\Users\Meibel\Desktop\1Semestre 2025\Estructuras_de_Datos_II\Proyecto_2\Genetic_Kingdom\main.cpp(58,53): warning C4244:         [
C:\Users\Meibel\Desktop\1Semestre 2025\Estructuras_de_Datos_II\Proyecto_2\Genetic_Kingdom\main.cpp(58,53): warning C4244:             T=float
C:\Users\Meibel\Desktop\1Semestre 2025\Estructuras_de_Datos_II\Proyecto_2\Genetic_Kingdom\main.cpp(58,53): warning C4244:         ]
C:\Users\Meibel\Desktop\1Semestre 2025\Estructuras_de_Datos_II\Proyecto_2\Genetic_Kingdom\main.cpp(59,25): warning C4244: 'inicializando': conversión de 'T' a 'int'; posible pérdida de datos
C:\Users\Meibel\Desktop\1Semestre 2025\Estructuras_de_Datos_II\Proyecto_2\Genetic_Kingdom\main.cpp(59,25): warning C4244:         with
C:\Users\Meibel\Desktop\1Semestre 2025\Estructuras_de_Datos_II\Proyecto_2\Genetic_Kingdom\main.cpp(59,25): warning C4244:         [
C:\Users\Meibel\Desktop\1Semestre 2025\Estructuras_de_Datos_II\Proyecto_2\Genetic_Kingdom\main.cpp(59,25): warning C4244:             T=float
C:\Users\Meibel\Desktop\1Semestre 2025\Estructuras_de_Datos_II\Proyecto_2\Genetic_Kingdom\main.cpp(59,25): warning C4244:         ]
C:\Users\Meibel\Desktop\1Semestre 2025\Estructuras_de_Datos_II\Proyecto_2\Genetic_Kingdom\main.cpp(60,26): warning C4244: 'inicializando': conversión de 'T' a 'int'; posible pérdida de datos
C:\Users\Meibel\Desktop\1Semestre 2025\Estructuras_de_Datos_II\Proyecto_2\Genetic_Kingdom\main.cpp(60,26): warning C4244:         with
C:\Users\Meibel\Desktop\1Semestre 2025\Estructuras_de_Datos_II\Proyecto_2\Genetic_Kingdom\main.cpp(60,26): warning C4244:         [
C:\Users\Meibel\Desktop\1Semestre 2025\Estructuras_de_Datos_II\Proyecto_2\Genetic_Kingdom\main.cpp(60,26): warning C4244:             T=float
C:\Users\Meibel\Desktop\1Semestre 2025\Estructuras_de_Datos_II\Proyecto_2\Genetic_Kingdom\main.cpp(60,26): warning C4244:         ]
C:\Users\Meibel\Desktop\1Semestre 2025\Estructuras_de_Datos_II\Proyecto_2\Genetic_Kingdom\main.cpp(72,47): warning C4566: el carácter representado por el nombre de carácter universal '\u274C' no se puede representar en la página de códigos actual (1252)
C:\Users\Meibel\Desktop\1Semestre 2025\Estructuras_de_Datos_II\Proyecto_2\Genetic_Kingdom\main.cpp(107,57): warning C4244: 'argumento': conversión de 'int' a 'float'; posible pérdida de datos
C:\Users\Meibel\Desktop\1Semestre 2025\Estructuras_de_Datos_II\Proyecto_2\Genetic_Kingdom\main.cpp(107,39): warning C4244: 'argumento': conversión de 'int' a 'float'; posible pérdida de datos
C:\Users\Meibel\Desktop\1Semestre 2025\Estructuras_de_Datos_II\Proyecto_2\Genetic_Kingdom\main.cpp(143,51): warning C4244: 'argumento': conversión de 'T' a 'float'; posible pérdida de datos
C:\Users\Meibel\Desktop\1Semestre 2025\Estructuras_de_Datos_II\Proyecto_2\Genetic_Kingdom\main.cpp(143,51): warning C4244:         with
C:\Users\Meibel\Desktop\1Semestre 2025\Estructuras_de_Datos_II\Proyecto_2\Genetic_Kingdom\main.cpp(143,51): warning C4244:         [
C:\Users\Meibel\Desktop\1Semestre 2025\Estructuras_de_Datos_II\Proyecto_2\Genetic_Kingdom\main.cpp(143,51): warning C4244:             T=unsigned int
C:\Users\Meibel\Desktop\1Semestre 2025\Estructuras_de_Datos_II\Proyecto_2\Genetic_Kingdom\main.cpp(143,51): warning C4244:         ]
C:\Users\Meibel\Desktop\1Semestre 2025\Estructuras_de_Datos_II\Proyecto_2\Genetic_Kingdom\main.cpp(161,36): warning C4244: 'inicializando': conversión de 'int' a 'float'; posible pérdida de datos
C:\Users\Meibel\Desktop\1Semestre 2025\Estructuras_de_Datos_II\Proyecto_2\Genetic_Kingdom\main.cpp(178,32): warning C4244: 'inicializando': conversión de 'int' a 'float'; posible pérdida de datos
C:\Users\Meibel\Desktop\1Semestre 2025\Estructuras_de_Datos_II\Proyecto_2\Genetic_Kingdom\main.cpp(203,39): warning C4566: el carácter representado por el nombre de carácter universal '\u2705' no se puede representar en la página de códigos actual (1252)
C:\Users\Meibel\Desktop\1Semestre 2025\Estructuras_de_Datos_II\Proyecto_2\Genetic_Kingdom\main.cpp(206,39): warning C4566: el carácter representado por el nombre de carácter universal '\u274C' no se puede representar en la página de códigos actual (1252)
  Generando código...
  LINK : no se encontró C:\Users\Meibel\Desktop\1Semestre 2025\Estructuras_de_Datos_II\Proyecto_2\Genetic_Kingdom\x64\Debug\Genetic_Kingdom.exe o no lo generó el último vínculo incremental; ejecutando vínculo completo
  Genetic_Kingdom.vcxproj -> C:\Users\Meibel\Desktop\1Semestre 2025\Estructuras_de_Datos_II\Proyecto_2\Genetic_Kingdom\x64\Debug\Genetic_Kingdom.exe
